[28/Mar/2021:14:42:14] (I): WordPress Instance Info:
[28/Mar/2021:14:42:14] (I): Home URL : https://54.254.47.152/wordpress
[28/Mar/2021:14:42:14] (I): Site URL : https://54.254.47.152/wordpress
[28/Mar/2021:14:42:14] (I): WordPress Version : 5.7
[28/Mar/2021:14:42:14] (I): Onboarding Version : 1.1.6
[28/Mar/2021:14:42:14] (I): Multisite : No
[28/Mar/2021:14:42:14] (I): Server Info : Apache/2.4.38 (Debian)
[28/Mar/2021:14:42:14] (I): PHP Version : 7.3.27-1~deb10u1
[28/Mar/2021:14:42:14] (I): HTTPS : Yes
[28/Mar/2021:14:42:14] (I): PHP Max Execution Time : 30
[28/Mar/2021:14:42:14] (I): PHP Max Input Vars : 1000
[28/Mar/2021:14:42:14] (I): Max Upload Size : 2097152
[28/Mar/2021:14:42:14] (I): Plugins:
[28/Mar/2021:14:42:14] (I): [PLUGIN] Blocksy Companion : v1.7.63 (CreativeThemes)
[28/Mar/2021:14:42:14] (I): [PLUGIN] Elementor : v3.1.4 (Elementor.com)
[28/Mar/2021:14:42:14] (I): [PLUGIN] Templates Patterns Collection : v1.1.6 (ThemeIsle)
[28/Mar/2021:14:42:14] (I): [PLUGIN] Orbit Fox Companion : v2.10.4 (Themeisle)
[28/Mar/2021:14:42:14] (P): Saving remote XML
[28/Mar/2021:14:42:14] (S): Saved remote XML at path /var/www/html/wordpress/wp-content/uploads/themeisle-demo-import.xml.
[28/Mar/2021:14:42:14] (P): Starting content import...
[28/Mar/2021:14:42:14] (S): Import started.
[28/Mar/2021:14:42:14] (S): Parsing XML file.
[28/Mar/2021:14:42:14] (P): Starting parsing file:/var/www/html/wordpress/wp-content/uploads/themeisle-demo-import.xml
[28/Mar/2021:14:42:14] (P): Using WXR_Parser_SimpleXML...
[28/Mar/2021:14:42:14] (S): Parsed XML
[28/Mar/2021:14:42:14] (P): Processing categories...
[28/Mar/2021:14:42:14] (S): Processed categories.
[28/Mar/2021:14:42:14] (P): Processing tags...
[28/Mar/2021:14:42:14] (S): No tags to process.
[28/Mar/2021:14:42:14] (P): Processing terms...
[28/Mar/2021:14:42:14] (W): Failed to import product_tag apple
[28/Mar/2021:14:42:14] (E): Invalid taxonomy.
[28/Mar/2021:14:42:14] (W): Failed to import product_tag bananas
[28/Mar/2021:14:42:14] (E): Invalid taxonomy.
[28/Mar/2021:14:42:14] (W): Failed to import product_tag bannanas
[28/Mar/2021:14:42:14] (E): Invalid taxonomy.
[28/Mar/2021:14:42:14] (W): Failed to import product_tag beet
[28/Mar/2021:14:42:14] (E): Invalid taxonomy.
[28/Mar/2021:14:42:14] (W): Failed to import product_tag carrot
[28/Mar/2021:14:42:14] (E): Invalid taxonomy.
[28/Mar/2021:14:42:14] (W): Failed to import product_tag cucumber
[28/Mar/2021:14:42:14] (E): Invalid taxonomy.
[28/Mar/2021:14:42:14] (W): Failed to import product_visibility exclude-from-catalog
[28/Mar/2021:14:42:14] (E): Invalid taxonomy.
[28/Mar/2021:14:42:14] (W): Failed to import product_visibility exclude-from-search
[28/Mar/2021:14:42:14] (E): Invalid taxonomy.
[28/Mar/2021:14:42:14] (W): Failed to import product_type external
[28/Mar/2021:14:42:14] (E): Invalid taxonomy.
[28/Mar/2021:14:42:14] (W): Failed to import product_visibility featured
[28/Mar/2021:14:42:14] (E): Invalid taxonomy.
[28/Mar/2021:14:42:14] (W): Failed to import product_tag fersh
[28/Mar/2021:14:42:14] (E): Invalid taxonomy.
[28/Mar/2021:14:42:14] (W): Failed to import product_tag fresh
[28/Mar/2021:14:42:14] (E): Invalid taxonomy.
[28/Mar/2021:14:42:14] (W): Failed to import product_cat Fresh
[28/Mar/2021:14:42:14] (E): Invalid taxonomy.
[28/Mar/2021:14:42:14] (W): Failed to import product_tag fruits
[28/Mar/2021:14:42:14] (E): Invalid taxonomy.
[28/Mar/2021:14:42:14] (W): Failed to import product_cat Fruits smoothies
[28/Mar/2021:14:42:14] (E): Invalid taxonomy.
[28/Mar/2021:14:42:14] (W): Failed to import product_type grouped
[28/Mar/2021:14:42:14] (E): Invalid taxonomy.
[28/Mar/2021:14:42:14] (W): Failed to import product_tag healthy
[28/Mar/2021:14:42:14] (E): Invalid taxonomy.
[28/Mar/2021:14:42:14] (W): Failed to import product_tag kiwi
[28/Mar/2021:14:42:14] (E): Invalid taxonomy.
[28/Mar/2021:14:42:14] (W): Failed to import product_tag lemon
[28/Mar/2021:14:42:14] (E): Invalid taxonomy.
[28/Mar/2021:14:42:14] (W): Failed to import product_tag lemons
[28/Mar/2021:14:42:14] (E): Invalid taxonomy.
[28/Mar/2021:14:42:14] (W): Failed to import product_tag lime
[28/Mar/2021:14:42:14] (E): Invalid taxonomy.
[28/Mar/2021:14:42:14] (W): Failed to import product_cat Mix
[28/Mar/2021:14:42:14] (E): Invalid taxonomy.
[28/Mar/2021:14:42:14] (W): Failed to import product_tag mix
[28/Mar/2021:14:42:14] (E): Invalid taxonomy.
[28/Mar/2021:14:42:14] (W): Failed to import product_tag oranges
[28/Mar/2021:14:42:14] (E): Invalid taxonomy.
[28/Mar/2021:14:42:14] (W): Failed to import product_visibility outofstock
[28/Mar/2021:14:42:14] (E): Invalid taxonomy.
[28/Mar/2021:14:42:14] (W): Failed to import product_tag peppermint
[28/Mar/2021:14:42:14] (E): Invalid taxonomy.
[28/Mar/2021:14:42:14] (W): Failed to import product_visibility rated-1
[28/Mar/2021:14:42:14] (E): Invalid taxonomy.
[28/Mar/2021:14:42:14] (W): Failed to import product_visibility rated-2
[28/Mar/2021:14:42:14] (E): Invalid taxonomy.
[28/Mar/2021:14:42:14] (W): Failed to import product_visibility rated-3
[28/Mar/2021:14:42:14] (E): Invalid taxonomy.
[28/Mar/2021:14:42:14] (W): Failed to import product_visibility rated-4
[28/Mar/2021:14:42:14] (E): Invalid taxonomy.
[28/Mar/2021:14:42:14] (W): Failed to import product_visibility rated-5
[28/Mar/2021:14:42:14] (E): Invalid taxonomy.
[28/Mar/2021:14:42:14] (W): Failed to import product_tag seed
[28/Mar/2021:14:42:14] (E): Invalid taxonomy.
[28/Mar/2021:14:42:14] (W): Failed to import product_type simple
[28/Mar/2021:14:42:14] (E): Invalid taxonomy.
[28/Mar/2021:14:42:14] (W): Failed to import product_tag smoothie
[28/Mar/2021:14:42:14] (E): Invalid taxonomy.
[28/Mar/2021:14:42:14] (W): Failed to import product_tag strawberry
[28/Mar/2021:14:42:14] (E): Invalid taxonomy.
[28/Mar/2021:14:42:14] (W): Failed to import product_tag sugar
[28/Mar/2021:14:42:14] (E): Invalid taxonomy.
[28/Mar/2021:14:42:14] (W): Failed to import product_tag sweet
[28/Mar/2021:14:42:14] (E): Invalid taxonomy.
[28/Mar/2021:14:42:14] (W): Failed to import product_cat Uncategorized
[28/Mar/2021:14:42:14] (E): Invalid taxonomy.
[28/Mar/2021:14:42:14] (W): Failed to import product_type variable
[28/Mar/2021:14:42:14] (E): Invalid taxonomy.
[28/Mar/2021:14:42:14] (W): Failed to import product_tag vegetables
[28/Mar/2021:14:42:14] (E): Invalid taxonomy.
[28/Mar/2021:14:42:14] (W): Failed to import product_cat Vegetables smoothies
[28/Mar/2021:14:42:14] (E): Invalid taxonomy.
[28/Mar/2021:14:42:14] (W): Failed to import product_tag water
[28/Mar/2021:14:42:14] (E): Invalid taxonomy.
[28/Mar/2021:14:42:14] (S): Processed terms.
[28/Mar/2021:14:42:14] (P): Processing posts...
[28/Mar/2021:14:42:14] (P): Processing attachment: https://s33834.pcdn.co/onboarding/wp-content/uploads/sites/173/2018/11/neve-facebook.png...
[28/Mar/2021:14:42:14] (P): Fetching attachment from url: https://s33834.pcdn.co/onboarding/wp-content/uploads/sites/173/2018/11/neve-facebook.png...
[28/Mar/2021:14:42:15] (S): Fetched remote attachment.
[28/Mar/2021:14:42:15] (P): Inserting attachment...
[28/Mar/2021:14:42:15] (S): Attachment inserted
[28/Mar/2021:14:42:15] (S): Processed attachment.
[28/Mar/2021:14:42:15] (P): Processing attachment: https://s33834.pcdn.co/onboarding/wp-content/uploads/sites/173/2018/11/neve-twitter.png...
[28/Mar/2021:14:42:15] (P): Fetching attachment from url: https://s33834.pcdn.co/onboarding/wp-content/uploads/sites/173/2018/11/neve-twitter.png...
[28/Mar/2021:14:42:15] (S): Fetched remote attachment.
[28/Mar/2021:14:42:15] (P): Inserting attachment...
[28/Mar/2021:14:42:15] (S): Attachment inserted
[28/Mar/2021:14:42:15] (S): Processed attachment.
[28/Mar/2021:14:42:15] (P): Processing attachment: https://s33834.pcdn.co/onboarding/wp-content/uploads/sites/173/2018/11/neve-instagram.png...
[28/Mar/2021:14:42:15] (P): Fetching attachment from url: https://s33834.pcdn.co/onboarding/wp-content/uploads/sites/173/2018/11/neve-instagram.png...
[28/Mar/2021:14:42:15] (S): Fetched remote attachment.
[28/Mar/2021:14:42:15] (P): Inserting attachment...
[28/Mar/2021:14:42:15] (S): Attachment inserted
[28/Mar/2021:14:42:15] (S): Processed attachment.
[28/Mar/2021:14:42:15] (P): Processing attachment: https://s33834.pcdn.co/onboarding/wp-content/uploads/sites/173/2018/11/neve-googleplus.png...
[28/Mar/2021:14:42:15] (P): Fetching attachment from url: https://s33834.pcdn.co/onboarding/wp-content/uploads/sites/173/2018/11/neve-googleplus.png...
[28/Mar/2021:14:42:15] (S): Fetched remote attachment.
[28/Mar/2021:14:42:15] (P): Inserting attachment...
[28/Mar/2021:14:42:15] (S): Attachment inserted
[28/Mar/2021:14:42:15] (S): Processed attachment.
[28/Mar/2021:14:42:15] (P): Processing attachment: https://s33834.pcdn.co/onboarding/wp-content/uploads/sites/173/2018/11/neve-play.png...
[28/Mar/2021:14:42:15] (P): Fetching attachment from url: https://s33834.pcdn.co/onboarding/wp-content/uploads/sites/173/2018/11/neve-play.png...
[28/Mar/2021:14:42:15] (S): Fetched remote attachment.
[28/Mar/2021:14:42:15] (P): Inserting attachment...
[28/Mar/2021:14:42:15] (S): Attachment inserted
[28/Mar/2021:14:42:15] (S): Processed attachment.
[28/Mar/2021:14:42:15] (P): Processing attachment: https://s33834.pcdn.co/onboarding/wp-content/uploads/sites/173/2018/12/nv-1.jpg...
[28/Mar/2021:14:42:15] (P): Fetching attachment from url: https://s33834.pcdn.co/onboarding/wp-content/uploads/sites/173/2018/12/nv-1.jpg...
[28/Mar/2021:14:42:15] (S): Fetched remote attachment.
[28/Mar/2021:14:42:15] (P): Inserting attachment...
[28/Mar/2021:14:42:15] (S): Attachment inserted
[28/Mar/2021:14:42:15] (S): Processed attachment.
[28/Mar/2021:14:42:15] (P): Processing attachment: https://s33834.pcdn.co/onboarding/wp-content/uploads/sites/173/2018/12/neve-business-growth-1.png...
[28/Mar/2021:14:42:15] (P): Fetching attachment from url: https://s33834.pcdn.co/onboarding/wp-content/uploads/sites/173/2018/12/neve-business-growth-1.png...
[28/Mar/2021:14:42:15] (S): Fetched remote attachment.
[28/Mar/2021:14:42:15] (P): Inserting attachment...
[28/Mar/2021:14:42:15] (S): Attachment inserted
[28/Mar/2021:14:42:15] (S): Processed attachment.
[28/Mar/2021:14:42:15] (P): Processing attachment: https://s33834.pcdn.co/onboarding/wp-content/uploads/sites/173/2018/12/neve-dollar-1.png...
[28/Mar/2021:14:42:15] (P): Fetching attachment from url: https://s33834.pcdn.co/onboarding/wp-content/uploads/sites/173/2018/12/neve-dollar-1.png...
[28/Mar/2021:14:42:15] (S): Fetched remote attachment.
[28/Mar/2021:14:42:15] (P): Inserting attachment...
[28/Mar/2021:14:42:15] (S): Attachment inserted
[28/Mar/2021:14:42:15] (S): Processed attachment.
[28/Mar/2021:14:42:16] (P): Processing attachment: https://s33834.pcdn.co/onboarding/wp-content/uploads/sites/173/2018/12/neve-clock-1.png...
[28/Mar/2021:14:42:16] (P): Fetching attachment from url: https://s33834.pcdn.co/onboarding/wp-content/uploads/sites/173/2018/12/neve-clock-1.png...
[28/Mar/2021:14:42:16] (S): Fetched remote attachment.
[28/Mar/2021:14:42:16] (P): Inserting attachment...
[28/Mar/2021:14:42:16] (S): Attachment inserted
[28/Mar/2021:14:42:16] (S): Processed attachment.
[28/Mar/2021:14:42:16] (P): Processing attachment: https://s33834.pcdn.co/onboarding/wp-content/uploads/sites/173/2018/12/neve-smile-1.png...
[28/Mar/2021:14:42:16] (P): Fetching attachment from url: https://s33834.pcdn.co/onboarding/wp-content/uploads/sites/173/2018/12/neve-smile-1.png...
[28/Mar/2021:14:42:16] (S): Fetched remote attachment.
[28/Mar/2021:14:42:16] (P): Inserting attachment...
[28/Mar/2021:14:42:16] (S): Attachment inserted
[28/Mar/2021:14:42:16] (S): Processed attachment.
[28/Mar/2021:14:42:16] (P): Processing attachment: https://s33834.pcdn.co/onboarding/wp-content/uploads/sites/173/2018/12/neve-envelope-1.png...
[28/Mar/2021:14:42:16] (P): Fetching attachment from url: https://s33834.pcdn.co/onboarding/wp-content/uploads/sites/173/2018/12/neve-envelope-1.png...
[28/Mar/2021:14:42:16] (S): Fetched remote attachment.
[28/Mar/2021:14:42:16] (P): Inserting attachment...
[28/Mar/2021:14:42:16] (S): Attachment inserted
[28/Mar/2021:14:42:16] (S): Processed attachment.
[28/Mar/2021:14:42:16] (P): Processing attachment: https://s33834.pcdn.co/onboarding/wp-content/uploads/sites/173/2018/12/neve-map-1.png...
[28/Mar/2021:14:42:16] (P): Fetching attachment from url: https://s33834.pcdn.co/onboarding/wp-content/uploads/sites/173/2018/12/neve-map-1.png...
[28/Mar/2021:14:42:16] (S): Fetched remote attachment.
[28/Mar/2021:14:42:16] (P): Inserting attachment...
[28/Mar/2021:14:42:16] (S): Attachment inserted
[28/Mar/2021:14:42:16] (S): Processed attachment.
[28/Mar/2021:14:42:16] (P): Processing attachment: https://s33834.pcdn.co/onboarding/wp-content/uploads/sites/173/2018/12/neve-photography-1.png...
[28/Mar/2021:14:42:16] (P): Fetching attachment from url: https://s33834.pcdn.co/onboarding/wp-content/uploads/sites/173/2018/12/neve-photography-1.png...
[28/Mar/2021:14:42:16] (S): Fetched remote attachment.
[28/Mar/2021:14:42:16] (P): Inserting attachment...
[28/Mar/2021:14:42:16] (S): Attachment inserted
[28/Mar/2021:14:42:16] (S): Processed attachment.
[28/Mar/2021:14:42:16] (P): Processing attachment: https://s33834.pcdn.co/onboarding/wp-content/uploads/sites/173/2018/12/neve-phone-1.png...
[28/Mar/2021:14:42:16] (P): Fetching attachment from url: https://s33834.pcdn.co/onboarding/wp-content/uploads/sites/173/2018/12/neve-phone-1.png...
[28/Mar/2021:14:42:16] (S): Fetched remote attachment.
[28/Mar/2021:14:42:16] (P): Inserting attachment...
[28/Mar/2021:14:42:16] (S): Attachment inserted
[28/Mar/2021:14:42:16] (S): Processed attachment.
[28/Mar/2021:14:42:16] (P): Processing attachment: https://s33834.pcdn.co/onboarding/wp-content/uploads/sites/173/2018/12/neve-chart-up-1.png...
[28/Mar/2021:14:42:16] (P): Fetching attachment from url: https://s33834.pcdn.co/onboarding/wp-content/uploads/sites/173/2018/12/neve-chart-up-1.png...
[28/Mar/2021:14:42:16] (S): Fetched remote attachment.
[28/Mar/2021:14:42:16] (P): Inserting attachment...
[28/Mar/2021:14:42:16] (S): Attachment inserted
[28/Mar/2021:14:42:16] (S): Processed attachment.
[28/Mar/2021:14:42:16] (P): Processing attachment: https://s33834.pcdn.co/onboarding/wp-content/uploads/sites/173/2018/12/neve-user-1.png...
[28/Mar/2021:14:42:16] (P): Fetching attachment from url: https://s33834.pcdn.co/onboarding/wp-content/uploads/sites/173/2018/12/neve-user-1.png...
[28/Mar/2021:14:42:16] (S): Fetched remote attachment.
[28/Mar/2021:14:42:16] (P): Inserting attachment...
[28/Mar/2021:14:42:16] (S): Attachment inserted
[28/Mar/2021:14:42:16] (S): Processed attachment.
[28/Mar/2021:14:42:16] (P): Processing attachment: https://s33834.pcdn.co/onboarding/wp-content/uploads/sites/173/2018/12/neve-heart-1.png...
[28/Mar/2021:14:42:16] (P): Fetching attachment from url: https://s33834.pcdn.co/onboarding/wp-content/uploads/sites/173/2018/12/neve-heart-1.png...
[28/Mar/2021:14:42:16] (S): Fetched remote attachment.
[28/Mar/2021:14:42:16] (P): Inserting attachment...
[28/Mar/2021:14:42:16] (S): Attachment inserted
[28/Mar/2021:14:42:16] (S): Processed attachment.
[28/Mar/2021:14:42:16] (P): Processing attachment: https://s33834.pcdn.co/onboarding/wp-content/uploads/sites/173/2018/12/neve-gift-1.png...
[28/Mar/2021:14:42:16] (P): Fetching attachment from url: https://s33834.pcdn.co/onboarding/wp-content/uploads/sites/173/2018/12/neve-gift-1.png...
[28/Mar/2021:14:42:16] (S): Fetched remote attachment.
[28/Mar/2021:14:42:16] (P): Inserting attachment...
[28/Mar/2021:14:42:16] (S): Attachment inserted
[28/Mar/2021:14:42:16] (S): Processed attachment.
[28/Mar/2021:14:42:16] (P): Processing attachment: https://s33834.pcdn.co/onboarding/wp-content/uploads/sites/173/2018/12/nv-5.jpg...
[28/Mar/2021:14:42:16] (P): Fetching attachment from url: https://s33834.pcdn.co/onboarding/wp-content/uploads/sites/173/2018/12/nv-5.jpg...
[28/Mar/2021:14:42:16] (S): Fetched remote attachment.
[28/Mar/2021:14:42:16] (P): Inserting attachment...
[28/Mar/2021:14:42:16] (S): Attachment inserted
[28/Mar/2021:14:42:16] (S): Processed attachment.
[28/Mar/2021:14:42:16] (P): Processing attachment: https://s33834.pcdn.co/onboarding/wp-content/uploads/sites/173/2018/12/nv-4.jpg...
[28/Mar/2021:14:42:16] (P): Fetching attachment from url: https://s33834.pcdn.co/onboarding/wp-content/uploads/sites/173/2018/12/nv-4.jpg...
[28/Mar/2021:14:42:16] (S): Fetched remote attachment.
[28/Mar/2021:14:42:16] (P): Inserting attachment...
[28/Mar/2021:14:42:16] (S): Attachment inserted
[28/Mar/2021:14:42:16] (S): Processed attachment.
[28/Mar/2021:14:42:16] (P): Processing attachment: https://s33834.pcdn.co/onboarding/wp-content/uploads/sites/173/2018/12/nv-6.jpg...
[28/Mar/2021:14:42:16] (P): Fetching attachment from url: https://s33834.pcdn.co/onboarding/wp-content/uploads/sites/173/2018/12/nv-6.jpg...
[28/Mar/2021:14:42:16] (S): Fetched remote attachment.
[28/Mar/2021:14:42:16] (P): Inserting attachment...
[28/Mar/2021:14:42:16] (S): Attachment inserted
[28/Mar/2021:14:42:16] (S): Processed attachment.
[28/Mar/2021:14:42:16] (P): Processing attachment: https://s33834.pcdn.co/onboarding/wp-content/uploads/sites/173/2018/12/nv-testimonial-signature.png...
[28/Mar/2021:14:42:16] (P): Fetching attachment from url: https://s33834.pcdn.co/onboarding/wp-content/uploads/sites/173/2018/12/nv-testimonial-signature.png...
[28/Mar/2021:14:42:16] (S): Fetched remote attachment.
[28/Mar/2021:14:42:16] (P): Inserting attachment...
[28/Mar/2021:14:42:16] (S): Attachment inserted
[28/Mar/2021:14:42:16] (S): Processed attachment.
[28/Mar/2021:14:42:16] (P): Processing attachment: https://s33834.pcdn.co/onboarding/wp-content/uploads/sites/173/2018/12/alexis-blockquote6.jpg...
[28/Mar/2021:14:42:16] (P): Fetching attachment from url: https://s33834.pcdn.co/onboarding/wp-content/uploads/sites/173/2018/12/alexis-blockquote6.jpg...
[28/Mar/2021:14:42:16] (S): Fetched remote attachment.
[28/Mar/2021:14:42:16] (P): Inserting attachment...
[28/Mar/2021:14:42:16] (S): Attachment inserted
[28/Mar/2021:14:42:16] (S): Processed attachment.
[28/Mar/2021:14:42:16] (P): Processing attachment: https://s33834.pcdn.co/onboarding/wp-content/uploads/sites/173/2018/12/neve-unlimited-revisions2.png...
[28/Mar/2021:14:42:16] (P): Fetching attachment from url: https://s33834.pcdn.co/onboarding/wp-content/uploads/sites/173/2018/12/neve-unlimited-revisions2.png...
[28/Mar/2021:14:42:16] (S): Fetched remote attachment.
[28/Mar/2021:14:42:16] (P): Inserting attachment...
[28/Mar/2021:14:42:16] (S): Attachment inserted
[28/Mar/2021:14:42:16] (S): Processed attachment.
[28/Mar/2021:14:42:16] (P): Processing attachment: https://s33834.pcdn.co/onboarding/wp-content/uploads/sites/173/2018/12/neve-ultimate-perfection-1.png...
[28/Mar/2021:14:42:16] (P): Fetching attachment from url: https://s33834.pcdn.co/onboarding/wp-content/uploads/sites/173/2018/12/neve-ultimate-perfection-1.png...
[28/Mar/2021:14:42:16] (S): Fetched remote attachment.
[28/Mar/2021:14:42:16] (P): Inserting attachment...
[28/Mar/2021:14:42:16] (S): Attachment inserted
[28/Mar/2021:14:42:16] (S): Processed attachment.
[28/Mar/2021:14:42:16] (P): Processing attachment: https://s33834.pcdn.co/onboarding/wp-content/uploads/sites/173/2018/12/neve-smart-experience1.png...
[28/Mar/2021:14:42:16] (P): Fetching attachment from url: https://s33834.pcdn.co/onboarding/wp-content/uploads/sites/173/2018/12/neve-smart-experience1.png...
[28/Mar/2021:14:42:16] (S): Fetched remote attachment.
[28/Mar/2021:14:42:16] (P): Inserting attachment...
[28/Mar/2021:14:42:16] (S): Attachment inserted
[28/Mar/2021:14:42:16] (S): Processed attachment.
[28/Mar/2021:14:42:16] (P): Processing attachment: https://s33834.pcdn.co/onboarding/wp-content/uploads/sites/173/2018/12/neve-strict-deadline1.png...
[28/Mar/2021:14:42:16] (P): Fetching attachment from url: https://s33834.pcdn.co/onboarding/wp-content/uploads/sites/173/2018/12/neve-strict-deadline1.png...
[28/Mar/2021:14:42:16] (S): Fetched remote attachment.
[28/Mar/2021:14:42:16] (P): Inserting attachment...
[28/Mar/2021:14:42:16] (S): Attachment inserted
[28/Mar/2021:14:42:16] (S): Processed attachment.
[28/Mar/2021:14:42:16] (P): Processing attachment: https://s33834.pcdn.co/onboarding/wp-content/uploads/sites/173/2018/12/neve-reputed-copmany1.png...
[28/Mar/2021:14:42:16] (P): Fetching attachment from url: https://s33834.pcdn.co/onboarding/wp-content/uploads/sites/173/2018/12/neve-reputed-copmany1.png...
[28/Mar/2021:14:42:16] (S): Fetched remote attachment.
[28/Mar/2021:14:42:16] (P): Inserting attachment...
[28/Mar/2021:14:42:16] (S): Attachment inserted
[28/Mar/2021:14:42:16] (S): Processed attachment.
[28/Mar/2021:14:42:16] (P): Processing attachment: https://s33834.pcdn.co/onboarding/wp-content/uploads/sites/173/2018/12/nv-team1-4.jpg...
[28/Mar/2021:14:42:16] (P): Fetching attachment from url: https://s33834.pcdn.co/onboarding/wp-content/uploads/sites/173/2018/12/nv-team1-4.jpg...
[28/Mar/2021:14:42:16] (S): Fetched remote attachment.
[28/Mar/2021:14:42:16] (P): Inserting attachment...
[28/Mar/2021:14:42:16] (S): Attachment inserted
[28/Mar/2021:14:42:16] (S): Processed attachment.
[28/Mar/2021:14:42:16] (P): Processing attachment: https://s33834.pcdn.co/onboarding/wp-content/uploads/sites/173/2018/12/nv-team2-1.jpg...
[28/Mar/2021:14:42:16] (P): Fetching attachment from url: https://s33834.pcdn.co/onboarding/wp-content/uploads/sites/173/2018/12/nv-team2-1.jpg...
[28/Mar/2021:14:42:16] (S): Fetched remote attachment.
[28/Mar/2021:14:42:16] (P): Inserting attachment...
[28/Mar/2021:14:42:16] (S): Attachment inserted
[28/Mar/2021:14:42:16] (S): Processed attachment.
[28/Mar/2021:14:42:16] (P): Processing attachment: https://s33834.pcdn.co/onboarding/wp-content/uploads/sites/173/2018/12/nv-team3-1.jpg...
[28/Mar/2021:14:42:16] (P): Fetching attachment from url: https://s33834.pcdn.co/onboarding/wp-content/uploads/sites/173/2018/12/nv-team3-1.jpg...
[28/Mar/2021:14:42:16] (S): Fetched remote attachment.
[28/Mar/2021:14:42:16] (P): Inserting attachment...
[28/Mar/2021:14:42:16] (S): Attachment inserted
[28/Mar/2021:14:42:16] (S): Processed attachment.
[28/Mar/2021:14:42:16] (P): Processing attachment: https://s33834.pcdn.co/onboarding/wp-content/uploads/sites/173/2018/12/nv-team4-1.jpg...
[28/Mar/2021:14:42:16] (P): Fetching attachment from url: https://s33834.pcdn.co/onboarding/wp-content/uploads/sites/173/2018/12/nv-team4-1.jpg...
[28/Mar/2021:14:42:16] (S): Fetched remote attachment.
[28/Mar/2021:14:42:16] (P): Inserting attachment...
[28/Mar/2021:14:42:16] (S): Attachment inserted
[28/Mar/2021:14:42:16] (S): Processed attachment.
[28/Mar/2021:14:42:16] (P): Processing attachment: https://s33834.pcdn.co/onboarding/wp-content/uploads/sites/173/2019/03/orages-smoothie1.jpg...
[28/Mar/2021:14:42:16] (P): Fetching attachment from url: https://s33834.pcdn.co/onboarding/wp-content/uploads/sites/173/2019/03/orages-smoothie1.jpg...
[28/Mar/2021:14:42:16] (S): Fetched remote attachment.
[28/Mar/2021:14:42:16] (P): Inserting attachment...
[28/Mar/2021:14:42:16] (S): Attachment inserted
[28/Mar/2021:14:42:16] (S): Processed attachment.
[28/Mar/2021:14:42:16] (P): Processing attachment: https://s33834.pcdn.co/onboarding/wp-content/uploads/sites/173/2019/03/banana-strawbery-smoothie1.jpg...
[28/Mar/2021:14:42:16] (P): Fetching attachment from url: https://s33834.pcdn.co/onboarding/wp-content/uploads/sites/173/2019/03/banana-strawbery-smoothie1.jpg...
[28/Mar/2021:14:42:16] (S): Fetched remote attachment.
[28/Mar/2021:14:42:16] (P): Inserting attachment...
[28/Mar/2021:14:42:16] (S): Attachment inserted
[28/Mar/2021:14:42:16] (S): Processed attachment.
[28/Mar/2021:14:42:16] (P): Processing attachment: https://s33834.pcdn.co/onboarding/wp-content/uploads/sites/173/2019/03/cucumber-water1.jpg...
[28/Mar/2021:14:42:16] (P): Fetching attachment from url: https://s33834.pcdn.co/onboarding/wp-content/uploads/sites/173/2019/03/cucumber-water1.jpg...
[28/Mar/2021:14:42:16] (S): Fetched remote attachment.
[28/Mar/2021:14:42:16] (P): Inserting attachment...
[28/Mar/2021:14:42:16] (S): Attachment inserted
[28/Mar/2021:14:42:16] (S): Processed attachment.
[28/Mar/2021:14:42:16] (P): Processing attachment: https://s33834.pcdn.co/onboarding/wp-content/uploads/sites/173/2019/03/lemonade1.jpg...
[28/Mar/2021:14:42:16] (P): Fetching attachment from url: https://s33834.pcdn.co/onboarding/wp-content/uploads/sites/173/2019/03/lemonade1.jpg...
[28/Mar/2021:14:42:16] (S): Fetched remote attachment.
[28/Mar/2021:14:42:16] (P): Inserting attachment...
[28/Mar/2021:14:42:16] (S): Attachment inserted
[28/Mar/2021:14:42:16] (S): Processed attachment.
[28/Mar/2021:14:42:16] (P): Processing attachment: https://s33834.pcdn.co/onboarding/wp-content/uploads/sites/173/2019/03/citronnade1.jpg...
[28/Mar/2021:14:42:16] (P): Fetching attachment from url: https://s33834.pcdn.co/onboarding/wp-content/uploads/sites/173/2019/03/citronnade1.jpg...
[28/Mar/2021:14:42:17] (S): Fetched remote attachment.
[28/Mar/2021:14:42:17] (P): Inserting attachment...
[28/Mar/2021:14:42:17] (S): Attachment inserted
[28/Mar/2021:14:42:17] (S): Processed attachment.
[28/Mar/2021:14:42:17] (P): Processing attachment: https://s33834.pcdn.co/onboarding/wp-content/uploads/sites/173/2019/01/blog-3.jpg...
[28/Mar/2021:14:42:17] (P): Fetching attachment from url: https://s33834.pcdn.co/onboarding/wp-content/uploads/sites/173/2019/01/blog-3.jpg...
[28/Mar/2021:14:42:17] (S): Fetched remote attachment.
[28/Mar/2021:14:42:17] (P): Inserting attachment...
[28/Mar/2021:14:42:17] (S): Attachment inserted
[28/Mar/2021:14:42:17] (S): Processed attachment.
[28/Mar/2021:14:42:17] (P): Processing attachment: https://s33834.pcdn.co/onboarding/wp-content/uploads/sites/173/2018/09/blog-2.jpg...
[28/Mar/2021:14:42:17] (P): Fetching attachment from url: https://s33834.pcdn.co/onboarding/wp-content/uploads/sites/173/2018/09/blog-2.jpg...
[28/Mar/2021:14:42:17] (S): Fetched remote attachment.
[28/Mar/2021:14:42:17] (P): Inserting attachment...
[28/Mar/2021:14:42:17] (S): Attachment inserted
[28/Mar/2021:14:42:17] (S): Processed attachment.
[28/Mar/2021:14:42:17] (P): Processing attachment: https://s33834.pcdn.co/onboarding/wp-content/uploads/sites/173/2018/09/blog-1.jpg...
[28/Mar/2021:14:42:17] (P): Fetching attachment from url: https://s33834.pcdn.co/onboarding/wp-content/uploads/sites/173/2018/09/blog-1.jpg...
[28/Mar/2021:14:42:17] (S): Fetched remote attachment.
[28/Mar/2021:14:42:17] (P): Inserting attachment...
[28/Mar/2021:14:42:17] (S): Attachment inserted
[28/Mar/2021:14:42:17] (S): Processed attachment.
[28/Mar/2021:14:42:17] (P): Inserting page: Home .
[28/Mar/2021:14:42:17] (S): Done inserting page: Home .
[28/Mar/2021:14:42:17] (P): Filtering elementor meta...
[28/Mar/2021:14:42:17] (S): Filtered elementor meta.
[28/Mar/2021:14:42:17] (P): Inserting custom_css: neve .
[28/Mar/2021:14:42:17] (S): Done inserting custom_css: neve .
[28/Mar/2021:14:42:17] (P): Processing attachment: https://s33834.pcdn.co/onboarding/wp-content/uploads/sites/173/2018/12/street-at-night.jpg...
[28/Mar/2021:14:42:17] (P): Fetching attachment from url: https://s33834.pcdn.co/onboarding/wp-content/uploads/sites/173/2018/12/street-at-night.jpg...
[28/Mar/2021:14:42:17] (S): Fetched remote attachment.
[28/Mar/2021:14:42:17] (P): Inserting attachment...
[28/Mar/2021:14:42:17] (S): Attachment inserted
[28/Mar/2021:14:42:17] (S): Processed attachment.
[28/Mar/2021:14:42:17] (P): Processing single menu item ' About us '...
[28/Mar/2021:14:42:17] (S): Processed single menu item.
[28/Mar/2021:14:42:17] (P): Processing single menu item ' Our Focus '...
[28/Mar/2021:14:42:17] (S): Processed single menu item.
[28/Mar/2021:14:42:17] (P): Processing single menu item ' Our Team '...
[28/Mar/2021:14:42:17] (S): Processed single menu item.
[28/Mar/2021:14:42:17] (P): Processing single menu item ' Features '...
[28/Mar/2021:14:42:17] (S): Processed single menu item.
[28/Mar/2021:14:42:17] (P): Processing single menu item ' Pricing '...
[28/Mar/2021:14:42:17] (S): Processed single menu item.
[28/Mar/2021:14:42:17] (P): Processing single menu item ' Testimonials '...
[28/Mar/2021:14:42:17] (S): Processed single menu item.
[28/Mar/2021:14:42:17] (P): Processing single menu item ' Contact us '...
[28/Mar/2021:14:42:17] (S): Processed single menu item.
[28/Mar/2021:14:42:17] (P): Processing attachment: https://s33834.pcdn.co/onboarding/wp-content/uploads/sites/173/2019/03/fruits-mix-smoothie-new.jpg...
[28/Mar/2021:14:42:17] (P): Fetching attachment from url: https://s33834.pcdn.co/onboarding/wp-content/uploads/sites/173/2019/03/fruits-mix-smoothie-new.jpg...
[28/Mar/2021:14:42:17] (S): Fetched remote attachment.
[28/Mar/2021:14:42:17] (P): Inserting attachment...
[28/Mar/2021:14:42:17] (S): Attachment inserted
[28/Mar/2021:14:42:17] (S): Processed attachment.
[28/Mar/2021:14:42:17] (P): Processing attachment: https://s33834.pcdn.co/onboarding/wp-content/uploads/sites/173/2019/03/cucumber-lime-water-new.jpg...
[28/Mar/2021:14:42:17] (P): Fetching attachment from url: https://s33834.pcdn.co/onboarding/wp-content/uploads/sites/173/2019/03/cucumber-lime-water-new.jpg...
[28/Mar/2021:14:42:17] (S): Fetched remote attachment.
[28/Mar/2021:14:42:17] (P): Inserting attachment...
[28/Mar/2021:14:42:17] (S): Attachment inserted
[28/Mar/2021:14:42:17] (S): Processed attachment.
[28/Mar/2021:14:42:17] (P): Processing attachment: https://s33834.pcdn.co/onboarding/wp-content/uploads/sites/173/2019/03/apple-cucumbert-smoothie.jpg...
[28/Mar/2021:14:42:17] (P): Fetching attachment from url: https://s33834.pcdn.co/onboarding/wp-content/uploads/sites/173/2019/03/apple-cucumbert-smoothie.jpg...
[28/Mar/2021:14:42:17] (S): Fetched remote attachment.
[28/Mar/2021:14:42:17] (P): Inserting attachment...
[28/Mar/2021:14:42:17] (S): Attachment inserted
[28/Mar/2021:14:42:17] (S): Processed attachment.
[28/Mar/2021:14:42:17] (P): Processing attachment: https://s33834.pcdn.co/onboarding/wp-content/uploads/sites/173/2019/03/apple-peppermint-smoothie-new.jpg...
[28/Mar/2021:14:42:17] (P): Fetching attachment from url: https://s33834.pcdn.co/onboarding/wp-content/uploads/sites/173/2019/03/apple-peppermint-smoothie-new.jpg...
[28/Mar/2021:14:42:17] (S): Fetched remote attachment.
[28/Mar/2021:14:42:17] (P): Inserting attachment...
[28/Mar/2021:14:42:17] (S): Attachment inserted
[28/Mar/2021:14:42:17] (S): Processed attachment.
[28/Mar/2021:14:42:17] (P): Processing single menu item ' '...
[28/Mar/2021:14:42:17] (P): Processing single menu item ' '...
[28/Mar/2021:14:42:17] (P): Processing attachment: https://s33834.pcdn.co/onboarding/wp-content/uploads/sites/173/2019/01/blog-4.jpg...
[28/Mar/2021:14:42:17] (P): Fetching attachment from url: https://s33834.pcdn.co/onboarding/wp-content/uploads/sites/173/2019/01/blog-4.jpg...
[28/Mar/2021:14:42:17] (S): Fetched remote attachment.
[28/Mar/2021:14:42:17] (P): Inserting attachment...
[28/Mar/2021:14:42:17] (S): Attachment inserted
[28/Mar/2021:14:42:17] (S): Processed attachment.
[28/Mar/2021:14:42:17] (P): Processing single menu item ' Sections '...
[28/Mar/2021:14:42:17] (S): Processed single menu item.
[28/Mar/2021:14:42:17] (P): Processing attachment: https://s33834.pcdn.co/onboarding/wp-content/uploads/sites/173/woocommerce-placeholder.png...
[28/Mar/2021:14:42:17] (P): Fetching attachment from url: https://s33834.pcdn.co/onboarding/wp-content/uploads/sites/173/woocommerce-placeholder.png...
[28/Mar/2021:14:42:17] (S): Fetched remote attachment.
[28/Mar/2021:14:42:17] (P): Inserting attachment...
[28/Mar/2021:14:42:17] (S): Attachment inserted
[28/Mar/2021:14:42:17] (S): Processed attachment.
[28/Mar/2021:14:42:17] (P): Inserting page: Blog .
[28/Mar/2021:14:42:17] (S): Done inserting page: Blog .
[28/Mar/2021:14:42:17] (P): Inserting post: We rise by lifting others .
[28/Mar/2021:14:42:17] (S): Done inserting post: We rise by lifting others .
[28/Mar/2021:14:42:17] (P): Inserting post: Actually, you can .
[28/Mar/2021:14:42:17] (S): Done inserting post: Actually, you can .
[28/Mar/2021:14:42:17] (P): Inserting post: And so the adventure begins .
[28/Mar/2021:14:42:17] (S): Done inserting post: And so the adventure begins .
[28/Mar/2021:14:42:17] (P): Inserting post: Take the risk or lose the chance .
[28/Mar/2021:14:42:17] (S): Done inserting post: Take the risk or lose the chance .
[28/Mar/2021:14:42:17] (S): Processed posts.
[28/Mar/2021:14:42:17] (P): Processing single menu item ' '...
[28/Mar/2021:14:42:17] (P): Processing single menu item ' '...
[28/Mar/2021:14:42:17] (S): Menu item already exists.
[28/Mar/2021:14:42:18] (P): Cleaning up import with id ...
[28/Mar/2021:14:42:18] (P): Done cleanup. Flushing cache...
[28/Mar/2021:14:42:18] (P): Flushed cache. Removing temporary data..
[28/Mar/2021:14:42:18] (S): Done importing
[28/Mar/2021:14:42:18] (P): Busting elementor cache
[28/Mar/2021:14:42:18] (S): Front page set up with id: 91.
[28/Mar/2021:14:42:18] (P): Setting up shop page.
[28/Mar/2021:14:42:18] (S): No WooCommerce.
